<?xml version="1.0" encoding="UTF-8"?>
<testng-results ignored="0" total="1" passed="1" failed="0" skipped="0">
  <reporter-output>
  </reporter-output>
  <suite started-at="2026-04-21T13:08:43 IST" name="Suite" finished-at="2026-04-21T13:08:53 IST" duration-ms="10077">
    <groups>
    </groups>
    <test started-at="2026-04-21T13:08:43 IST" name="Test" finished-at="2026-04-21T13:08:53 IST" duration-ms="10077">
      <class name="Major_Slave.Naukri_Resumetest">
        <test-method signature="Resume_Upload()[pri:0, instance:Major_Slave.Naukri_Resumetest@8dbdac1]" started-at="2026-04-21T13:08:43 IST" name="Resume_Upload" finished-at="2026-04-21T13:08:53 IST" duration-ms="10044" status="PASS">
          <reporter-output>
          </reporter-output>
        </test-method> <!-- Resume_Upload -->
      </class> <!-- Major_Slave.Naukri_Resumetest -->
    </test> <!-- Test -->
  </suite> <!-- Suite -->
</testng-results>
